<?xml version="1.0" encoding="UTF-8"?>
<testng-results ignored="0" total="2" passed="2" failed="0" skipped="0">
  <reporter-output>
  </reporter-output>
  <suite started-at="2024-12-08T23:28:59 PST" name="Default suite" finished-at="2024-12-08T23:29:41 PST" duration-ms="42186">
    <groups>
    </groups>
    <test started-at="2024-12-08T23:28:59 PST" name="Default test" finished-at="2024-12-08T23:29:41 PST" duration-ms="42186">
      <class name="TestCase">
        <test-method is-config="true" signature="SetUp()[pri:0, instance:TestCase@35cabb2a]" started-at="2024-12-08T23:28:59 PST" name="SetUp" finished-at="2024-12-08T23:28:59 PST" duration-ms="20" status="PASS">
          <reporter-output>
          </reporter-output>
        </test-method> <!-- SetUp -->
        <test-method signature="AddTwoNumber()[pri:1, instance:TestCase@35cabb2a]" started-at="2024-12-08T23:28:59 PST" name="AddTwoNumber" finished-at="2024-12-08T23:29:14 PST" duration-ms="14742" status="PASS">
          <reporter-output>
          </reporter-output>
        </test-method> <!-- AddTwoNumber -->
        <test-method signature="ClickAllButtons()[pri:2, instance:TestCase@35cabb2a]" started-at="2024-12-08T23:29:14 PST" name="ClickAllButtons" finished-at="2024-12-08T23:29:41 PST" duration-ms="27362" status="PASS">
          <reporter-output>
          </reporter-output>
        </test-method> <!-- ClickAllButtons -->
      </class> <!-- TestCase -->
    </test> <!-- Default test -->
  </suite> <!-- Default suite -->
</testng-results>
